2020-10-18 22:45:55 V/Net 2163973016: Recv: ConfigPushSvc.PushReq.PushReqResponse.Success
2020-10-18 22:45:55 V/Net 2163973016: Send: ConfigPushSvc.PushResp
2020-10-18 22:45:55 I/Net 2163973016: ConfigPushSvc.PushReq: Success
2020-10-18 22:45:55 V/Net 2163973016: Recv: ConfigPushSvc.PushReq.PushReqResponse.Success
2020-10-18 22:45:55 V/Net 2163973016: Send: ConfigPushSvc.PushResp
2020-10-18 22:46:12 V/Net 2163973016: Send: OnlinePush.RespPush
2020-10-18 22:46:14 V/Net 2163973016: Send: OnlinePush.RespPush
2020-10-18 22:46:14 V/Net 2163973016: Recv: net.mamoe.mirai.qqandroid.network.protocol.data.jce.RequestPushNotify@5641b9ad
2020-10-18 22:46:14 V/Net 2163973016: Send: MessageSvc.PbGetMsg
2020-10-18 22:46:14 V/Net 2163973016: Send: MessageSvc.PbDeleteMsg
2020-10-18 22:46:19 V/Net 2163973016: Recv: net.mamoe.mirai.qqandroid.network.protocol.data.jce.RequestPushNotify@743ba499
2020-10-18 22:46:19 V/Net 2163973016: Send: MessageSvc.PbGetMsg
2020-10-18 22:46:19 V/Net 2163973016: Send: MessageSvc.PbDeleteMsg
2020-10-18 22:46:20 V/Net 2163973016: Send: OnlinePush.RespPush
2020-10-18 22:46:22 V/Net 2163973016: Send: OnlinePush.RespPush
2020-10-18 22:46:46 D/Net 2163973016: Received unknown commandName: ConfigPushSvc.PushDomain
2020-10-18 22:46:46 V/Net 2163973016: Recv: ConfigPushSvc.PushReq.PushReqResponse.Success
2020-10-18 22:46:46 V/Net 2163973016: Send: ConfigPushSvc.PushResp
2020-10-18 22:46:46 I/Net 2163973016: ConfigPushSvc.PushReq: Success
2020-10-18 22:47:31 D/Net 2163973016: Received unknown commandName: ConfigPushSvc.PushDomain
2020-10-18 22:47:31 V/Net 2163973016: Recv: ConfigPushSvc.PushReq.PushReqResponse.Success
2020-10-18 22:47:31 V/Net 2163973016: Send: ConfigPushSvc.PushResp
2020-10-18 22:47:31 I/Net 2163973016: ConfigPushSvc.PushReq: Success
2020-10-18 22:47:48 V/Net 2163973016: Send: OnlinePush.RespPush
2020-10-18 22:47:49 V/Net 2163973016: Send: OnlinePush.RespPush
2020-10-18 22:47:49 V/Net 2163973016: Recv: net.mamoe.mirai.qqandroid.network.protocol.data.jce.RequestPushNotify@3c75b915
2020-10-18 22:47:49 V/Net 2163973016: Send: MessageSvc.PbGetMsg
2020-10-18 22:47:50 V/Net 2163973016: Send: MessageSvc.PbDeleteMsg
2020-10-18 22:54:41 D/Net 2163973016: Received unknown commandName: ConfigPushSvc.PushDomain
2020-10-18 22:54:41 V/Net 2163973016: Recv: ConfigPushSvc.PushReq.PushReqResponse.Success
2020-10-18 22:54:41 V/Net 2163973016: Send: ConfigPushSvc.PushResp
2020-10-18 22:54:41 I/Net 2163973016: ConfigPushSvc.PushReq: Success
2020-10-18 22:54:43 V/Net 2163973016: Send: OnlinePush.RespPush
2020-10-18 22:54:46 V/Net 2163973016: Send: OnlinePush.RespPush
2020-10-18 22:54:47 V/Net 2163973016: Recv: net.mamoe.mirai.qqandroid.network.protocol.data.jce.RequestPushNotify@49efd502
2020-10-18 22:54:47 V/Net 2163973016: Send: MessageSvc.PbGetMsg
2020-10-18 22:54:47 V/Net 2163973016: Send: MessageSvc.PbDeleteMsg
2020-10-18 22:54:47 V/Net 2163973016: Send: MessageSvc.PbSendMsg
2020-10-18 22:54:47 V/Net 2163973016: Recv: MessageSvcPbSendMsg.Response.SUCCESS
2020-10-18 22:54:47 V/Net 2163973016: Send: MessageSvc.PbSendMsg
2020-10-18 22:54:47 V/Net 2163973016: Recv: MessageSvcPbSendMsg.Response.SUCCESS
2020-10-18 22:54:47 V/Net 2163973016: Send: MessageSvc.PbSendMsg
2020-10-18 22:54:47 V/Net 2163973016: Recv: MessageSvcPbSendMsg.Response.SUCCESS
2020-10-18 22:54:52 V/Net 2163973016: Send: OnlinePush.RespPush
2020-10-18 22:54:55 V/Net 2163973016: Send: OnlinePush.RespPush
2020-10-18 22:55:00 V/Net 2163973016: Recv: net.mamoe.mirai.qqandroid.network.protocol.data.jce.RequestPushNotify@509273b9
2020-10-18 22:55:00 V/Net 2163973016: Send: MessageSvc.PbGetMsg
2020-10-18 22:55:00 V/Net 2163973016: Send: MessageSvc.PbDeleteMsg
2020-10-18 22:55:00 V/Net 2163973016: Send: MessageSvc.PbSendMsg
2020-10-18 22:55:00 V/Net 2163973016: Recv: MessageSvcPbSendMsg.Response.SUCCESS
2020-10-18 22:55:00 V/Net 2163973016: Send: MessageSvc.PbSendMsg
2020-10-18 22:55:00 V/Net 2163973016: Recv: MessageSvcPbSendMsg.Response.SUCCESS
2020-10-18 22:55:01 V/Net 2163973016: Send: MessageSvc.PbSendMsg
2020-10-18 22:55:01 V/Net 2163973016: Recv: MessageSvcPbSendMsg.Response.SUCCESS
2020-10-18 22:55:07 V/Net 2163973016: Recv: net.mamoe.mirai.qqandroid.network.protocol.data.jce.RequestPushNotify@36e6911b
2020-10-18 22:55:07 V/Net 2163973016: Send: MessageSvc.PbGetMsg
2020-10-18 22:55:07 V/Net 2163973016: Send: MessageSvc.PbDeleteMsg
2020-10-18 22:55:07 V/Net 2163973016: Send: MessageSvc.PbSendMsg
2020-10-18 22:55:07 V/Net 2163973016: Recv: MessageSvcPbSendMsg.Response.SUCCESS
2020-10-18 22:55:07 V/Net 2163973016: Send: MessageSvc.PbSendMsg
2020-10-18 22:55:07 V/Net 2163973016: Recv: MessageSvcPbSendMsg.Response.SUCCESS
2020-10-18 22:55:07 V/Net 2163973016: Send: MessageSvc.PbSendMsg
2020-10-18 22:55:08 V/Net 2163973016: Recv: MessageSvcPbSendMsg.Response.SUCCESS
